<?xml version="1.0" encoding="UTF-8"?>
<!-- Generated by org.testng.reporters.JUnitReportReporter -->
<testsuite hostname="DELL-SUTTON" failures="0" tests="1" name="tc_ConnectinheritanceConcept.CreateLead" time="36.136" errors="0" timestamp="2022-11-12T12:08:37 EST" skipped="0">
  <testcase classname="tc_ConnectinheritanceConcept.CreateLead" name="createLead" time="36.136"/>
</testsuite> <!-- tc_ConnectinheritanceConcept.CreateLead -->
