<?xml version="1.0" encoding="UTF-8"?>
<!-- Generated by org.testng.reporters.JUnitReportReporter -->
<testsuite hostname="DELL-SUTTON" failures="0" tests="1" name="com.testleaf.testcases.TC001_LogIn" time="4.548" errors="0" timestamp="2022-10-16T00:53:01 EDT" skipped="0">
  <testcase classname="com.testleaf.testcases.TC001_LogIn" name="verifyLogin" time="4.548"/>
</testsuite> <!-- com.testleaf.testcases.TC001_LogIn -->
