<?xml version="1.0" encoding="UTF-8"?>
<!-- Generated by org.testng.reporters.JUnitReportReporter -->
<testsuite hostname="DELL-SUTTON" failures="0" tests="3" name="learnParameters.Parameters_CreateLead" time="92.180" errors="0" timestamp="2022-11-20T10:42:38 EST" skipped="0">
  <testcase classname="learnParameters.Parameters_CreateLead" name="createLead" time="22.543"/>
  <testcase classname="learnParameters.Parameters_CreateLead" name="createLead" time="43.876"/>
  <testcase classname="learnParameters.Parameters_CreateLead" name="createLead" time="25.761"/>
</testsuite> <!-- learnParameters.Parameters_CreateLead -->
