<?xml version="1.0" encoding="UTF-8"?>
<!-- Generated by org.testng.reporters.JUnitReportReporter -->
<testsuite hostname="DELL-SUTTON" failures="0" tests="1" name="utils.CreateLead" time="0.000" errors="0" timestamp="2022-11-15T21:54:57 EST" skipped="1">
  <testcase classname="utils.CreateLead" name="createLead" time="0.000">
    <skipped/>
  </testcase> <!-- createLead -->
</testsuite> <!-- utils.CreateLead -->
