<?xml version="1.0" encoding="UTF-8"?>
<!-- Generated by org.testng.reporters.JUnitReportReporter -->
<testsuite hostname="DELL-SUTTON" failures="0" tests="1" name="integrateDataProWExcel.DataProvider_CreateLead" time="0.000" errors="0" timestamp="2022-11-15T23:37:34 EST" skipped="1">
  <testcase classname="integrateDataProWExcel.DataProvider_CreateLead" name="createLead" time="0.000">
    <skipped/>
  </testcase> <!-- createLead -->
</testsuite> <!-- integrateDataProWExcel.DataProvider_CreateLead -->
