<?xml version="1.0" encoding="UTF-8"?>
<!-- Generated by org.testng.reporters.JUnitReportReporter -->
<testsuite hostname="DELL-SUTTON" failures="0" tests="2" name="steps.RunnerFile" time="27.984" errors="0" timestamp="2022-12-11T19:09:10 EST" skipped="1">
  <testcase classname="steps.RunnerFile" name="runScenario" time="4.146">
    <skipped/>
  </testcase> <!-- runScenario -->
  <system-out/>
  <testcase classname="steps.RunnerFile" name="runScenario" time="23.838"/>
  <system-out/>
</testsuite> <!-- steps.RunnerFile -->
