<?xml version="1.0" encoding="UTF-8"?>
<!-- Generated by org.testng.reporters.JUnitReportReporter -->
<testsuite hostname="DELL-SUTTON" failures="0" tests="1" name="tc_ConnectinheritanceConcept.EditLead" time="44.389" errors="0" timestamp="2022-11-12T12:08:37 EST" skipped="0">
  <testcase classname="tc_ConnectinheritanceConcept.EditLead" name="editLead" time="44.389"/>
</testsuite> <!-- tc_ConnectinheritanceConcept.EditLead -->
