<?xml version="1.0" encoding="UTF-8"?>
<!-- Generated by org.testng.reporters.JUnitReportReporter -->
<testsuite hostname="DELL-SUTTON" failures="0" tests="3" name="testNgDemo.AnnotationsOrder" time="0.007" errors="0" timestamp="2022-11-10T23:40:49 EST" skipped="0">
  <testcase classname="testNgDemo.AnnotationsOrder" name="test2" time="0.005"/>
  <testcase classname="testNgDemo.AnnotationsOrder" name="test3" time="0.001"/>
  <testcase classname="testNgDemo.AnnotationsOrder" name="test1" time="0.001"/>
</testsuite> <!-- testNgDemo.AnnotationsOrder -->
